Build started 21/10/2014 19:17:24.
     1>Project "C:\Users\Helder\Documents\GitHub\SkinDetection\SkinDetection\SkinDetection\SkinDetection.vcxproj" on node 2 (Build target(s)).
     1>ClCompile:
         C:\Program Files (x86)\Microsoft Visual Studio 11.0\VC\bin\CL.exe /c /IC:\opencv\build\include\opencv /IC:\opencv\build\include\opencv2 /IC:\opencv\build\include /ZI /nologo /W3 /WX- /sdl /Od /Oy- /D WIN32 /D _DEBUG /D _CONSOLE /D _UNICODE /D UNICODE /Gm /EHsc /RTC1 /MDd /GS /fp:precise /Zc:wchar_t /Zc:forScope /Fo"Debug\\" /Fd"Debug\vc110.pdb" /Gd /TP /analyze- /errorReport:prompt Main.cpp
         Main.cpp
     1>c:\users\helder\documents\github\skindetection\skindetection\skindetection\main.cpp(120): warning C4018: '<' : signed/unsigned mismatch
     1>c:\users\helder\documents\github\skindetection\skindetection\skindetection\main.cpp(122): warning C4018: '<' : signed/unsigned mismatch
     1>c:\users\helder\documents\github\skindetection\skindetection\skindetection\main.cpp(125): warning C4244: '=' : conversion from 'double' to 'int', possible loss of data
     1>c:\users\helder\documents\github\skindetection\skindetection\skindetection\main.cpp(131): warning C4018: '<' : signed/unsigned mismatch
     1>c:\users\helder\documents\github\skindetection\skindetection\skindetection\main.cpp(251): warning C4018: '<' : signed/unsigned mismatch
     1>c:\users\helder\documents\github\skindetection\skindetection\skindetection\main.cpp(257): warning C4244: 'argument' : conversion from 'double' to 'int', possible loss of data
     1>c:\users\helder\documents\github\skindetection\skindetection\skindetection\main.cpp(267): warning C4244: 'argument' : conversion from 'double' to 'float', possible loss of data
     1>c:\users\helder\documents\github\skindetection\skindetection\skindetection\main.cpp(268): warning C4244: 'argument' : conversion from 'float' to 'int', possible loss of data
     1>c:\users\helder\documents\github\skindetection\skindetection\skindetection\main.cpp(189): warning C4102: 'cv' : unreferenced label
       Link:
         C:\Program Files (x86)\Microsoft Visual Studio 11.0\VC\bin\link.exe /ERRORREPORT:PROMPT /OUT:"C:\Users\Helder\Documents\GitHub\SkinDetection\SkinDetection\Debug\SkinDetection.exe" /INCREMENTAL /NOLOGO /LIBPATH:C:\opencv\build\x86\vc11\lib opencv_calib3d249d.lib opencv_contrib249d.lib opencv_core249d.lib opencv_features2d249d.lib opencv_flann249d.lib opencv_gpu249d.lib opencv_highgui249d.lib opencv_imgproc249d.lib opencv_legacy249d.lib opencv_ml249d.lib opencv_nonfree249d.lib opencv_objdetect249d.lib opencv_ocl249d.lib opencv_photo249d.lib opencv_stitching249d.lib opencv_superres249d.lib opencv_video249d.lib opencv_videostab249d.lib kernel32.lib user32.lib gdi32.lib winspool.lib comdlg32.lib advapi32.lib shell32.lib ole32.lib oleaut32.lib uuid.lib odbc32.lib odbccp32.lib /MANIFEST /MANIFESTUAC:"level='asInvoker' uiAccess='false'" /manifest:embed /DEBUG /PDB:"C:\Users\Helder\Documents\GitHub\SkinDetection\SkinDetection\Debug\SkinDetection.pdb" /SUBSYSTEM:CONSOLE /TLBID:1 /DYNAMICBASE /NXCOMPAT /IMPLIB:"C:\Users\Helder\Documents\GitHub\SkinDetection\SkinDetection\Debug\SkinDetection.lib" /MACHINE:X86 Debug\Main.obj
         SkinDetection.vcxproj -> C:\Users\Helder\Documents\GitHub\SkinDetection\SkinDetection\Debug\SkinDetection.exe
     1>Done Building Project "C:\Users\Helder\Documents\GitHub\SkinDetection\SkinDetection\SkinDetection\SkinDetection.vcxproj" (Build target(s)).

Build succeeded.

Time Elapsed 00:00:02.25
